C:\Users\Александр\Desktop\Программ\mp2-lab2-matrix\sln\vc10\Debug\cl.command.1.tlog
C:\Users\Александр\Desktop\Программ\mp2-lab2-matrix\sln\vc10\Debug\CL.read.1.tlog
C:\Users\Александр\Desktop\Программ\mp2-lab2-matrix\sln\vc10\Debug\CL.write.1.tlog
C:\Users\Александр\Desktop\Программ\mp2-lab2-matrix\sln\vc10\Debug\link.command.1.tlog
C:\Users\Александр\Desktop\Программ\mp2-lab2-matrix\sln\vc10\Debug\link.read.1.tlog
C:\Users\Александр\Desktop\Программ\mp2-lab2-matrix\sln\vc10\Debug\link.write.1.tlog
C:\Users\Александр\Desktop\Программ\mp2-lab2-matrix\sln\vc10\Debug\link-cvtres.read.1.tlog
C:\Users\Александр\Desktop\Программ\mp2-lab2-matrix\sln\vc10\Debug\link-cvtres.write.1.tlog
C:\Users\Александр\Desktop\Программ\mp2-lab2-matrix\sln\vc10\Debug\rc.command.1.tlog
C:\Users\Александр\Desktop\Программ\mp2-lab2-matrix\sln\vc10\Debug\rc.read.1.tlog
C:\Users\Александр\Desktop\Программ\mp2-lab2-matrix\sln\vc10\Debug\rc.write.1.tlog
C:\USERS\Александр\DESKTOP\Программ\MP2-LAB2-MATRIX\SLN\VC10\DEBUG\SAMPLE_MATRIX.OBJ
C:\Users\Александр\Desktop\Программ\mp2-lab2-matrix\sln\vc10\Debug\sample_utmatrix.exe.embed.manifest
C:\USERS\Александр\DESKTOP\Программ\MP2-LAB2-MATRIX\SLN\VC10\DEBUG\SAMPLE_UTMATRIX.EXE.EMBED.MANIFEST.RES
C:\Users\Александр\Desktop\Программ\mp2-lab2-matrix\sln\vc10\Debug\sample_utmatrix.exe.intermediate.manifest
C:\Users\Александр\Desktop\Программ\mp2-lab2-matrix\sln\vc10\Debug\sample_utmatrix.pdb
C:\Users\Александр\Desktop\Программ\mp2-lab2-matrix\sln\vc10\Debug\sample_utmatrix.vcxprojResolveAssemblyReference.cache
C:\Users\Александр\Desktop\Программ\mp2-lab2-matrix\sln\vc10\Debug\sample_utmatrix.write.1.tlog
C:\Users\Александр\Desktop\Программ\mp2-lab2-matrix\sln\vc10\Debug\sample_utmatrix_manifest.rc
C:\Users\Александр\Desktop\Программ\mp2-lab2-matrix\sln\vc10\Debug\vc100.idb
C:\USERS\АЛЕКСАНДР\DESKTOP\ПРОГРАММ\MP2-LAB2-MATRIX\SLN\VC10\DEBUG\VC100.PDB
