Построение начато 25.05.2017 21:29:13.
     1>Проект "C:\Users\123\Documents\GitHub\mp2-lab2-matrix\sln\vc10\sample_utmatrix.vcxproj" в узле 2 (целевые объекты build).
     1>InitializeBuildStatus:
         Создание "Debug\sample_utmatrix.unsuccessfulbuild", так как было задано "AlwaysCreate".
       ClCompile:
         C:\Program Files (x86)\Microsoft Visual Studio 10.0\VC\bin\CL.exe /c /I../../include /ZI /nologo /W3 /WX- /Od /Oy- /D WIN32 /D _DEBUG /D _CONSOLE /D _UNICODE /D UNICODE /Gm /EHsc /RTC1 /MDd /GS /fp:precise /Zc:wchar_t /Zc:forScope /Fo"Debug\\" /Fd"Debug\vc100.pdb" /Gd /TP /analyze- /errorReport:prompt ..\..\samples\sample_matrix.cpp
         sample_matrix.cpp
       ManifestResourceCompile:
         Для всех выходных данных обновления не требуется.
       Link:
         C:\Program Files (x86)\Microsoft Visual Studio 10.0\VC\bin\link.exe /ERRORREPORT:PROMPT /OUT:"C:\Users\123\Documents\GitHub\mp2-lab2-matrix\sln\vc10\Debug\sample_utmatrix.exe" /INCREMENTAL /NOLOGO kernel32.lib user32.lib gdi32.lib winspool.lib comdlg32.lib advapi32.lib shell32.lib ole32.lib oleaut32.lib uuid.lib odbc32.lib odbccp32.lib /MANIFEST /ManifestFile:"Debug\sample_utmatrix.exe.intermediate.manifest" /MANIFESTUAC:"level='asInvoker' uiAccess='false'" /DEBUG /PDB:"C:\Users\123\Documents\GitHub\mp2-lab2-matrix\sln\vc10\Debug\sample_utmatrix.pdb" /SUBSYSTEM:CONSOLE /TLBID:1 /DYNAMICBASE /NXCOMPAT /IMPLIB:"C:\Users\123\Documents\GitHub\mp2-lab2-matrix\sln\vc10\Debug\sample_utmatrix.lib" /MACHINE:X86 Debug\sample_utmatrix.exe.embed.manifest.res
         Debug\sample_matrix.obj
       Manifest:
         C:\Program Files (x86)\Microsoft SDKs\Windows\v7.0A\bin\mt.exe /nologo /verbose /out:"Debug\sample_utmatrix.exe.embed.manifest" /manifest Debug\sample_utmatrix.exe.intermediate.manifest
         Для всех выходных данных обновления не требуется.
       LinkEmbedManifest:
         Для всех выходных данных обновления не требуется.
         sample_utmatrix.vcxproj -> C:\Users\123\Documents\GitHub\mp2-lab2-matrix\sln\vc10\Debug\sample_utmatrix.exe
       FinalizeBuildStatus:
         Файл "Debug\sample_utmatrix.unsuccessfulbuild" удаляется.
         Обращение к "Debug\sample_utmatrix.lastbuildstate".
     1>Построение проекта "C:\Users\123\Documents\GitHub\mp2-lab2-matrix\sln\vc10\sample_utmatrix.vcxproj" завершено (целевые объекты build).

Построение успешно завершено.

Затраченное время: 00:00:00.77
